# JRE version: Java(TM) SE Runtime Environment (17.0.8+9) (build 17.0.8+9-LTS-211)
# Java VM: Java HotSpot(TM) 64-Bit Server VM (17.0.8+9-LTS-211, mixed mode, sharing, tiered, compressed oops, compressed class ptrs, g1 gc, windows-amd64)
GC Precious Log:
 CPUs: 8 total, 8 available
 Memory: 7924M
 Large Page Support: Disabled
 NUMA Support: Disabled
 Compressed Oops: Enabled (32-bit)
 Heap Region Size: 1M
 Heap Min Capacity: 8M
 Heap Initial Capacity: 124M
 Heap Max Capacity: 1982M
 Pre-touch: Disabled
 Parallel Workers: 8
 Concurrent Workers: 2
 Concurrent Refinement Workers: 8
 Periodic GC: Disabled
Heap:
 garbage-first heap   total 81920K, used 40677K [0x0000000084200000, 0x0000000100000000)
  region size 1024K, 14 young (14336K), 1 survivors (1024K)
 Metaspace       used 22350K, committed 22592K, reserved 1114112K
  class space    used 2705K, committed 2816K, reserved 1048576K
GC Heap History (8 events):
Event: 1.958 GC heap before
{Heap before GC invocations=0 (full 0):
 garbage-first heap   total 126976K, used 24576K [0x0000000084200000, 0x0000000100000000)
  region size 1024K, 23 young (23552K), 0 survivors (0K)
 Metaspace       used 6078K, committed 6208K, reserved 1114112K
  class space    used 645K, committed 704K, reserved 1048576K
}
Event: 1.975 GC heap after
{Heap after GC invocations=1 (full 0):
 garbage-first heap   total 126976K, used 7564K [0x0000000084200000, 0x0000000100000000)
  region size 1024K, 3 young (3072K), 3 survivors (3072K)
 Metaspace       used 6078K, committed 6208K, reserved 1114112K
  class space    used 645K, committed 704K, reserved 1048576K
}
Event: 3.191 GC heap before
{Heap before GC invocations=1 (full 0):
 garbage-first heap   total 126976K, used 29068K [0x0000000084200000, 0x0000000100000000)
  region size 1024K, 25 young (25600K), 3 survivors (3072K)
 Metaspace       used 9831K, committed 9984K, reserved 1114112K
  class space    used 1028K, committed 1088K, reserved 1048576K
}
Event: 3.216 GC heap after
{Heap after GC invocations=2 (full 0):
 garbage-first heap   total 126976K, used 13312K [0x0000000084200000, 0x0000000100000000)
  region size 1024K, 4 young (4096K), 4 survivors (4096K)
 Metaspace       used 9831K, committed 9984K, reserved 1114112K
  class space    used 1028K, committed 1088K, reserved 1048576K
}
Event: 6.169 GC heap before
{Heap before GC invocations=2 (full 0):
 garbage-first heap   total 126976K, used 49152K [0x0000000084200000, 0x0000000100000000)
  region size 1024K, 39 young (39936K), 4 survivors (4096K)
 Metaspace       used 19317K, committed 19584K, reserved 1114112K
  class space    used 2258K, committed 2368K, reserved 1048576K
}
Event: 6.199 GC heap after
{Heap after GC invocations=3 (full 0):
 garbage-first heap   total 126976K, used 17095K [0x0000000084200000, 0x0000000100000000)
  region size 1024K, 4 young (4096K), 4 survivors (4096K)
 Metaspace       used 19317K, committed 19584K, reserved 1114112K
  class space    used 2258K, committed 2368K, reserved 1048576K
}
Event: 8.743 GC heap before
{Heap before GC invocations=3 (full 0):
 garbage-first heap   total 126976K, used 30407K [0x0000000084200000, 0x0000000100000000)
  region size 1024K, 13 young (13312K), 4 survivors (4096K)
 Metaspace       used 21382K, committed 21504K, reserved 1114112K
  class space    used 2570K, committed 2624K, reserved 1048576K
}
Event: 8.761 GC heap after
{Heap after GC invocations=4 (full 0):
 garbage-first heap   total 126976K, used 23269K [0x0000000084200000, 0x0000000100000000)
  region size 1024K, 1 young (1024K), 1 survivors (1024K)
 Metaspace       used 21382K, committed 21504K, reserved 1114112K
  class space    used 2570K, committed 2624K, reserved 1048576K
}

