GC Precious Log:
 CPUs: 8 total, 8 available
 Memory: 7924M
 Large Page Support: Disabled
 NUMA Support: Disabled
 Compressed Oops: Enabled (32-bit)
 Heap Region Size: 1M
 Heap Min Capacity: 8M
 Heap Initial Capacity: 124M
 Heap Max Capacity: 1982M
 Pre-touch: Disabled
 Parallel Workers: 8
 Concurrent Workers: 2
 Concurrent Refinement Workers: 8
 Periodic GC: Disabled
Heap:
 garbage-first heap   total 84992K, used 63715K [0x0000000084200000, 0x0000000100000000)
  region size 1024K, 28 young (28672K), 4 survivors (4096K)
 Metaspace       used 31455K, committed 31808K, reserved 1114112K
  class space    used 3552K, committed 3712K, reserved 1048576K
GC Heap History (20 events):
Event: 5.799 GC heap before
{Heap before GC invocations=2 (full 0):
 garbage-first heap   total 126976K, used 79241K [0x0000000084200000, 0x0000000100000000)
  region size 1024K, 74 young (75776K), 2 survivors (2048K)
 Metaspace       used 15361K, committed 15552K, reserved 1114112K
  class space    used 1808K, committed 1920K, reserved 1048576K
}
Event: 5.827 GC heap after
{Heap after GC invocations=3 (full 0):
 garbage-first heap   total 126976K, used 10437K [0x0000000084200000, 0x0000000100000000)
  region size 1024K, 7 young (7168K), 7 survivors (7168K)
 Metaspace       used 15361K, committed 15552K, reserved 1114112K
  class space    used 1808K, committed 1920K, reserved 1048576K
}
Event: 8.614 GC heap before
{Heap before GC invocations=3 (full 0):
 garbage-first heap   total 126976K, used 79045K [0x0000000084200000, 0x0000000100000000)
  region size 1024K, 74 young (75776K), 7 survivors (7168K)
 Metaspace       used 16999K, committed 17216K, reserved 1114112K
  class space    used 1940K, committed 2048K, reserved 1048576K
}
Event: 8.642 GC heap after
{Heap after GC invocations=4 (full 0):
 garbage-first heap   total 126976K, used 14524K [0x0000000084200000, 0x0000000100000000)
  region size 1024K, 9 young (9216K), 9 survivors (9216K)
 Metaspace       used 16999K, committed 17216K, reserved 1114112K
  class space    used 1940K, committed 2048K, reserved 1048576K
}
Event: 9.521 GC heap before
{Heap before GC invocations=4 (full 0):
 garbage-first heap   total 126976K, used 30908K [0x0000000084200000, 0x0000000100000000)
  region size 1024K, 25 young (25600K), 9 survivors (9216K)
 Metaspace       used 21219K, committed 21504K, reserved 1114112K
  class space    used 2472K, committed 2624K, reserved 1048576K
}
Event: 9.549 GC heap after
{Heap after GC invocations=5 (full 0):
 garbage-first heap   total 126976K, used 15872K [0x0000000084200000, 0x0000000100000000)
  region size 1024K, 6 young (6144K), 6 survivors (6144K)
 Metaspace       used 21219K, committed 21504K, reserved 1114112K
  class space    used 2472K, committed 2624K, reserved 1048576K
}
Event: 10.759 GC heap before
{Heap before GC invocations=6 (full 0):
 garbage-first heap   total 58368K, used 45568K [0x0000000084200000, 0x0000000100000000)
  region size 1024K, 35 young (35840K), 6 survivors (6144K)
 Metaspace       used 24712K, committed 24960K, reserved 1114112K
  class space    used 2841K, committed 2944K, reserved 1048576K
}
Event: 10.796 GC heap after
{Heap after GC invocations=7 (full 0):
 garbage-first heap   total 65536K, used 28434K [0x0000000084200000, 0x0000000100000000)
  region size 1024K, 10 young (10240K), 10 survivors (10240K)
 Metaspace       used 24712K, committed 24960K, reserved 1114112K
  class space    used 2841K, committed 2944K, reserved 1048576K
}
Event: 11.243 GC heap before
{Heap before GC invocations=7 (full 0):
 garbage-first heap   total 65536K, used 47890K [0x0000000084200000, 0x0000000100000000)
  region size 1024K, 28 young (28672K), 10 survivors (10240K)
 Metaspace       used 25312K, committed 25600K, reserved 1114112K
  class space    used 2911K, committed 3072K, reserved 1048576K
}
Event: 11.274 GC heap after
{Heap after GC invocations=8 (full 0):
 garbage-first heap   total 65536K, used 34304K [0x0000000084200000, 0x0000000100000000)
  region size 1024K, 4 young (4096K), 4 survivors (4096K)
 Metaspace       used 25312K, committed 25600K, reserved 1114112K
  class space    used 2911K, committed 3072K, reserved 1048576K
}
Event: 11.733 GC heap before
{Heap before GC invocations=8 (full 0):
 garbage-first heap   total 65536K, used 47616K [0x0000000084200000, 0x0000000100000000)
  region size 1024K, 18 young (18432K), 4 survivors (4096K)
 Metaspace       used 25997K, committed 26304K, reserved 1114112K
  class space    used 2976K, committed 3136K, reserved 1048576K
}
Event: 11.758 GC heap after
{Heap after GC invocations=9 (full 0):
 garbage-first heap   total 65536K, used 37376K [0x0000000084200000, 0x0000000100000000)
  region size 1024K, 3 young (3072K), 3 survivors (3072K)
 Metaspace       used 25997K, committed 26304K, reserved 1114112K
  class space    used 2976K, committed 3136K, reserved 1048576K
}
Event: 12.287 GC heap before
{Heap before GC invocations=10 (full 0):
 garbage-first heap   total 65536K, used 48640K [0x0000000084200000, 0x0000000100000000)
  region size 1024K, 15 young (15360K), 3 survivors (3072K)
 Metaspace       used 26464K, committed 26752K, reserved 1114112K
  class space    used 3046K, committed 3200K, reserved 1048576K
}
Event: 12.298 GC heap after
{Heap after GC invocations=11 (full 0):
 garbage-first heap   total 65536K, used 38413K [0x0000000084200000, 0x0000000100000000)
  region size 1024K, 1 young (1024K), 1 survivors (1024K)
 Metaspace       used 26464K, committed 26752K, reserved 1114112K
  class space    used 3046K, committed 3200K, reserved 1048576K
}
Event: 12.726 GC heap before
{Heap before GC invocations=11 (full 0):
 garbage-first heap   total 65536K, used 50701K [0x0000000084200000, 0x0000000100000000)
  region size 1024K, 14 young (14336K), 1 survivors (1024K)
 Metaspace       used 27347K, committed 27648K, reserved 1114112K
  class space    used 3128K, committed 3264K, reserved 1048576K
}
Event: 12.728 GC heap after
{Heap after GC invocations=12 (full 0):
 garbage-first heap   total 84992K, used 38362K [0x0000000084200000, 0x0000000100000000)
  region size 1024K, 1 young (1024K), 1 survivors (1024K)
 Metaspace       used 27347K, committed 27648K, reserved 1114112K
  class space    used 3128K, committed 3264K, reserved 1048576K
}
Event: 13.306 GC heap before
{Heap before GC invocations=13 (full 0):
 garbage-first heap   total 84992K, used 46554K [0x0000000084200000, 0x0000000100000000)
  region size 1024K, 11 young (11264K), 1 survivors (1024K)
 Metaspace       used 28722K, committed 29056K, reserved 1114112K
  class space    used 3305K, committed 3456K, reserved 1048576K
}
Event: 13.320 GC heap after
{Heap after GC invocations=14 (full 0):
 garbage-first heap   total 84992K, used 39112K [0x0000000084200000, 0x0000000100000000)
  region size 1024K, 2 young (2048K), 2 survivors (2048K)
 Metaspace       used 28722K, committed 29056K, reserved 1114112K
  class space    used 3305K, committed 3456K, reserved 1048576K
}
Event: 16.003 GC heap before
{Heap before GC invocations=14 (full 0):
 garbage-first heap   total 84992K, used 64712K [0x0000000084200000, 0x0000000100000000)
  region size 1024K, 27 young (27648K), 2 survivors (2048K)
 Metaspace       used 30233K, committed 30528K, reserved 1114112K
  class space    used 3442K, committed 3584K, reserved 1048576K
}
Event: 16.017 GC heap after
{Heap after GC invocations=15 (full 0):
 garbage-first heap   total 84992K, used 41187K [0x0000000084200000, 0x0000000100000000)
  region size 1024K, 4 young (4096K), 4 survivors (4096K)
 Metaspace       used 30233K, committed 30528K, reserved 1114112K
  class space    used 3442K, committed 3584K, reserved 1048576K
}

